2021-11-15 10:12:12,620;Capella;5.1.0.202106150755;Open+Session;RegolithProcessingLib.aird;;
2021-11-15 10:12:20,272;Capella;5.1.0.202106150755;Open+Session;RegolithProcessingLib.aird;OK;
2021-11-15 10:12:24,253;Capella;5.1.0.202106150755;Open+Session;RegolithO2ExtractionDemonstrator.aird;;
2021-11-15 10:12:26,941;Capella;5.1.0.202106150755;Open+Session;RegolithO2ExtractionDemonstrator.aird;OK;
2021-11-15 10:14:34,277;Capella;5.1.0.202106150755;Open+Representation;;;
2021-11-15 10:14:39,562;Capella;5.1.0.202106150755;Open+Representation;;OK;
2021-11-15 10:15:26,552;Capella;5.1.0.202106150755;Open+Representation;;;
2021-11-15 10:15:27,202;Capella;5.1.0.202106150755;Open+Representation;;OK;
2021-11-15 14:00:21,384;Capella;5.1.0.202106150755;Open+Representation;;;
2021-11-15 14:00:23,617;Capella;5.1.0.202106150755;Open+Representation;;OK;
2021-11-15 14:01:35,279;Capella;5.1.0.202106150755;Open+Representation;;;
2021-11-15 14:01:35,817;Capella;5.1.0.202106150755;Open+Representation;;OK;
2021-11-15 14:22:36,735;Capella;5.1.0.202106150755;Open+Representation;;;
2021-11-15 14:22:36,900;Capella;5.1.0.202106150755;Open+Representation;;OK;
2021-11-15 14:31:46,331;Capella;5.1.0.202106150755;Open+Representation;;;
2021-11-15 14:31:46,665;Capella;5.1.0.202106150755;Open+Representation;;OK;
2021-11-15 14:37:03,505;Capella;5.1.0.202106150755;Open+Representation;;;
2021-11-15 14:37:04,032;Capella;5.1.0.202106150755;Open+Representation;;OK;
2021-11-16 14:13:01,612;Capella;5.1.0.202106150755;Open+Representation;;;
2021-11-16 14:13:02,381;Capella;5.1.0.202106150755;Open+Representation;;OK;
2021-11-16 14:22:23,108;Capella;5.1.0.202106150755;Open+Representation;;;
2021-11-16 14:22:24,353;Capella;5.1.0.202106150755;Open+Representation;;OK;
2021-11-16 14:22:44,019;Capella;5.1.0.202106150755;Open+Representation;;;
2021-11-16 14:22:44,689;Capella;5.1.0.202106150755;Open+Representation;;OK;
2021-11-16 14:28:27,454;Capella;5.1.0.202106150755;Transition;Functional+Transition;;
2021-11-16 14:28:37,440;Capella;5.1.0.202106150755;Transition;Functional+Transition;OK;
2021-11-16 14:30:53,310;Capella;5.1.0.202106150755;Transition;Functional+Transition;;
2021-11-16 14:30:55,772;Capella;5.1.0.202106150755;Transition;Functional+Transition;OK;
2021-11-16 15:25:36,100;Capella;5.1.0.202106150755;Open+Representation;;;
2021-11-16 15:25:36,529;Capella;5.1.0.202106150755;Open+Representation;;OK;
2021-11-16 15:40:17,549;Capella;5.1.0.202106150755;Transition;Functional+Transition;;
2021-11-16 15:40:20,688;Capella;5.1.0.202106150755;Transition;Functional+Transition;OK;
